---
recorded_at: 2026-04-01T23:24:03.367663420-07:00
command: cargo test --workspace
---

running 12 tests
test tests::inspects_hugging_face_source_and_reports_revision_note ... ok
test tests::parses_hugging_face_source_with_revision ... ok
test tests::inspects_partial_safetensors_directory_as_plain_safetensors ... ok
test tests::inspects_hf_style_local_directory ... ok
test tests::plans_same_format_relayout_without_loss ... ok
test tests::inspects_local_gguf_file ... ok
test tests::reports_unknown_when_hugging_face_source_cannot_be_inferred ... ok
test tests::rejects_unsupported_conversion_paths ... ok
test tests::requires_lossy_opt_in_for_gguf_to_hf_safetensors ... ok
test tests::validation_accepts_complete_hf_bundle ... ok
test tests::validation_rejects_missing_required_hf_bundle_files ... ok
test tests::converts_local_gguf_into_hf_safetensors_bundle ... ok

test result: ok. 12 passed; 0 failed; 0 ignored; 0 measured; 0 filtered out; finished in 0.00s


running 0 tests

test result: ok. 0 passed; 0 failed; 0 ignored; 0 measured; 0 filtered out; finished in 0.00s


running 2 tests
test convert_requires_allow_lossy_for_cli ... ok
test convert_executes_local_gguf_backend ... ok

test result: ok. 2 passed; 0 failed; 0 ignored; 0 measured; 0 filtered out; finished in 0.01s


running 3 tests
test inspect_reports_unknown_local_layout ... ok
test inspect_reports_detected_remote_format ... ok
test inspect_reports_detected_local_hf_layout ... ok

test result: ok. 3 passed; 0 failed; 0 ignored; 0 measured; 0 filtered out; finished in 0.00s


running 2 tests
test validate_accepts_complete_hf_bundle ... ok
test validate_rejects_incomplete_hf_bundle ... ok

test result: ok. 2 passed; 0 failed; 0 ignored; 0 measured; 0 filtered out; finished in 0.00s


running 0 tests

test result: ok. 0 passed; 0 failed; 0 ignored; 0 measured; 0 filtered out; finished in 0.00s


--- stderr ---
    Blocking waiting for file lock on package cache
    Blocking waiting for file lock on package cache
    Blocking waiting for file lock on package cache
    Finished `test` profile [unoptimized + debuginfo] target(s) in 0.21s
     Running unittests src/lib.rs (/home/alex/.cache/cargo-target/metamorph/debug/deps/metamorph-ce9289526b54c43a)
     Running unittests src/main.rs (/home/alex/.cache/cargo-target/metamorph/debug/deps/metamorph-0feba52d6cadade9)
     Running tests/convert.rs (/home/alex/.cache/cargo-target/metamorph/debug/deps/convert-ef6e1932b3ed317b)
     Running tests/inspect.rs (/home/alex/.cache/cargo-target/metamorph/debug/deps/inspect-6dbebdc448e8b047)
     Running tests/validate.rs (/home/alex/.cache/cargo-target/metamorph/debug/deps/validate-c3ebf07ff36d69c8)
   Doc-tests metamorph
