---
recorded_at: 2026-04-01T23:09:12.850810633-07:00
command: cargo test --workspace
---

running 8 tests
test tests::inspects_hugging_face_source_and_reports_revision_note ... ok
test tests::inspects_hf_style_local_directory ... ok
test tests::inspects_local_gguf_file ... ok
test tests::parses_hugging_face_source_with_revision ... ok
test tests::inspects_partial_safetensors_directory_as_plain_safetensors ... ok
test tests::plans_same_format_relayout_without_loss ... ok
test tests::reports_unknown_when_hugging_face_source_cannot_be_inferred ... ok
test tests::requires_lossy_opt_in_for_gguf_to_hf_safetensors ... ok

test result: ok. 8 passed; 0 failed; 0 ignored; 0 measured; 0 filtered out; finished in 0.00s


running 0 tests

test result: ok. 0 passed; 0 failed; 0 ignored; 0 measured; 0 filtered out; finished in 0.00s


running 3 tests
test inspect_reports_detected_local_hf_layout ... ok
test inspect_reports_detected_remote_format ... ok
test inspect_reports_unknown_local_layout ... ok

test result: ok. 3 passed; 0 failed; 0 ignored; 0 measured; 0 filtered out; finished in 0.00s


running 0 tests

test result: ok. 0 passed; 0 failed; 0 ignored; 0 measured; 0 filtered out; finished in 0.00s


--- stderr ---
    Finished `test` profile [unoptimized + debuginfo] target(s) in 0.05s
     Running unittests src/lib.rs (/home/alex/.cache/cargo-target/metamorph/debug/deps/metamorph-e5d3c5c98dc47af1)
     Running unittests src/main.rs (/home/alex/.cache/cargo-target/metamorph/debug/deps/metamorph-f82670109eb94781)
     Running tests/inspect.rs (/home/alex/.cache/cargo-target/metamorph/debug/deps/inspect-2928837539bc7174)
   Doc-tests metamorph
