---
recorded_at: 2026-04-02T10:34:11.084489439-07:00
command: nix develop -c cargo test --workspace cache_identity_changes_with_hf_revision
---

running 1 test
test tests::cache_identity_changes_with_hf_revision ... ok

test result: ok. 1 passed; 0 failed; 0 ignored; 0 measured; 19 filtered out; finished in 0.00s


running 0 tests

test result: ok. 0 passed; 0 failed; 0 ignored; 0 measured; 0 filtered out; finished in 0.00s


running 0 tests

test result: ok. 0 passed; 0 failed; 0 ignored; 0 measured; 3 filtered out; finished in 0.00s


running 0 tests

test result: ok. 0 passed; 0 failed; 0 ignored; 0 measured; 2 filtered out; finished in 0.00s


running 0 tests

test result: ok. 0 passed; 0 failed; 0 ignored; 0 measured; 3 filtered out; finished in 0.00s


running 0 tests

test result: ok. 0 passed; 0 failed; 0 ignored; 0 measured; 4 filtered out; finished in 0.00s


running 0 tests

test result: ok. 0 passed; 0 failed; 0 ignored; 0 measured; 2 filtered out; finished in 0.00s


--- stderr ---
path '/home/alex/workspace/rupurt/metamorph/.keel' does not contain a 'flake.nix', searching up
    Finished `test` profile [unoptimized + debuginfo] target(s) in 0.13s
     Running unittests src/lib.rs (/home/alex/.cache/cargo-target/metamorph/debug/deps/metamorph-ce9289526b54c43a)
     Running unittests src/main.rs (/home/alex/.cache/cargo-target/metamorph/debug/deps/metamorph-0feba52d6cadade9)
     Running tests/cache.rs (/home/alex/.cache/cargo-target/metamorph/debug/deps/cache-b94b66cf726f5100)
     Running tests/convert.rs (/home/alex/.cache/cargo-target/metamorph/debug/deps/convert-ef6e1932b3ed317b)
     Running tests/inspect.rs (/home/alex/.cache/cargo-target/metamorph/debug/deps/inspect-6dbebdc448e8b047)
     Running tests/upload.rs (/home/alex/.cache/cargo-target/metamorph/debug/deps/upload-96d85b32d9bec793)
     Running tests/validate.rs (/home/alex/.cache/cargo-target/metamorph/debug/deps/validate-c3ebf07ff36d69c8)
