---
recorded_at: 2026-04-02T11:18:58.030357610-07:00
command: cargo test --workspace
---

running 23 tests
test tests::cache_identity_changes_with_hf_revision ... ok
test tests::compatibility_reports_lossy_registered_backend ... ok
test tests::compatibility_reports_unsupported_path ... ok
test tests::inspects_hugging_face_source_and_reports_revision_note ... ok
test tests::parses_hugging_face_source_with_revision ... ok
test tests::acquire_source_reuses_existing_local_path ... ok
test tests::plans_same_format_relayout_without_loss ... ok
test tests::inspects_hf_style_local_directory ... ok
test tests::rejects_unsupported_conversion_paths ... ok
test tests::inspects_partial_safetensors_directory_as_plain_safetensors ... ok
test tests::reports_unknown_when_hugging_face_source_cannot_be_inferred ... ok
test tests::inspects_local_gguf_file ... ok
test tests::requires_lossy_opt_in_for_gguf_to_hf_safetensors ... ok
test tests::acquire_source_can_materialize_local_copy ... ok
test tests::acquire_source_reports_cache_miss_for_remote_source ... ok
test tests::converts_local_gguf_into_safetensors_artifact ... ok
test tests::validation_accepts_complete_hf_bundle ... ok
test tests::validation_rejects_missing_required_hf_bundle_files ... ok
test tests::publish_plan_validates_bundle_and_lists_artifacts ... ok
test tests::acquire_source_uses_cached_remote_artifact_when_present ... ok
test tests::cache_identity_is_deterministic_for_local_source ... ok
test tests::converts_local_gguf_into_hf_safetensors_bundle ... ok
test tests::publish_requires_credentials_for_execute_mode ... ok

test result: ok. 23 passed; 0 failed; 0 ignored; 0 measured; 0 filtered out; finished in 0.00s


running 0 tests

test result: ok. 0 passed; 0 failed; 0 ignored; 0 measured; 0 filtered out; finished in 0.00s


running 3 tests
test cache_source_reports_remote_cache_miss ... ok
test cache_source_reports_local_reuse ... ok
test cache_source_can_materialize_local_copy ... ok

test result: ok. 3 passed; 0 failed; 0 ignored; 0 measured; 0 filtered out; finished in 0.01s


running 4 tests
test convert_plan_only_reports_unsupported_path_reasoning ... ok
test convert_executes_local_gguf_to_safetensors_backend ... ok
test convert_requires_allow_lossy_for_cli ... ok
test convert_executes_local_gguf_backend ... ok

test result: ok. 4 passed; 0 failed; 0 ignored; 0 measured; 0 filtered out; finished in 0.01s


running 3 tests
test inspect_reports_detected_local_hf_layout ... ok
test inspect_reports_detected_remote_format ... ok
test inspect_reports_unknown_local_layout ... ok

test result: ok. 3 passed; 0 failed; 0 ignored; 0 measured; 0 filtered out; finished in 0.00s


running 4 tests
test upload_rejects_incomplete_bundle ... ok
test upload_dry_run_previews_publish_plan ... ok
test upload_rejects_invalid_publish_destination ... ok
test upload_execute_requires_hf_token ... ok

test result: ok. 4 passed; 0 failed; 0 ignored; 0 measured; 0 filtered out; finished in 0.00s


running 2 tests
test validate_rejects_incomplete_hf_bundle ... ok
test validate_accepts_complete_hf_bundle ... ok

test result: ok. 2 passed; 0 failed; 0 ignored; 0 measured; 0 filtered out; finished in 0.00s


running 0 tests

test result: ok. 0 passed; 0 failed; 0 ignored; 0 measured; 0 filtered out; finished in 0.00s


--- stderr ---
    Finished `test` profile [unoptimized + debuginfo] target(s) in 0.09s
     Running unittests src/lib.rs (/home/alex/.cache/cargo-target/metamorph/debug/deps/metamorph-ce9289526b54c43a)
     Running unittests src/main.rs (/home/alex/.cache/cargo-target/metamorph/debug/deps/metamorph-0feba52d6cadade9)
     Running tests/cache.rs (/home/alex/.cache/cargo-target/metamorph/debug/deps/cache-b94b66cf726f5100)
     Running tests/convert.rs (/home/alex/.cache/cargo-target/metamorph/debug/deps/convert-ef6e1932b3ed317b)
     Running tests/inspect.rs (/home/alex/.cache/cargo-target/metamorph/debug/deps/inspect-6dbebdc448e8b047)
     Running tests/upload.rs (/home/alex/.cache/cargo-target/metamorph/debug/deps/upload-96d85b32d9bec793)
     Running tests/validate.rs (/home/alex/.cache/cargo-target/metamorph/debug/deps/validate-c3ebf07ff36d69c8)
   Doc-tests metamorph
